$ su -c "prt-get depinst wlroots"
Password: 
prt-get: installing /usr/ports/contrib/wlroots
=======> Building '/home/pkgmk/packages/wlroots#0.15.1-1.pkg.tar.gz'.
bsdtar -p -o -C /home/pkgmk/work/wlroots/src -xf /home/pkgmk/distfiles/wlroots-0.15.1.tar.bz2
+ build
+ prt-get isinst xorg-xwayland
package xorg-xwayland is not installed
+ PKGMK_WLROOTS+=' -D xwayland=disabled'
+ prt-get isinst xorg-server xorg-xcb-util-renderutil
package xorg-server is installed
package xorg-xcb-util-renderutil is installed
+ WLROOTS_BACKENDS+=,x11
+ prt-get isinst libinput
package libinput is installed
+ WLROOTS_BACKENDS+=,libinput
+ meson setup wlroots-0.15.1 build -D xwayland=disabled --prefix=/usr --buildtype=plain --wrap-mode nodownload -D b_lto=true -D b_pie=true -D backends=drm,x11,libinput
The Meson build system
Version: 0.63.2
Source dir: /home/pkgmk/work/wlroots/src/wlroots-0.15.1
Build dir: /home/pkgmk/work/wlroots/src/build
Build type: native build
Project name: wlroots
Project version: 0.15.1
C compiler for the host machine: ccache cc (gcc 12.2.0 "cc (CRUX-x86_64-multilib) 12.2.0")
C linker for the host machine: cc ld.bfd 2.39
Host machine cpu family: x86_64
Host machine cpu: x86_64
Compiler for C supports arguments -Wundef: YES 
Compiler for C supports arguments -Wlogical-op: YES 
Compiler for C supports arguments -Wmissing-include-dirs: YES 
Compiler for C supports arguments -Wold-style-definition: YES 
Compiler for C supports arguments -Wpointer-arith: YES 
Compiler for C supports arguments -Winit-self: YES 
Compiler for C supports arguments -Wstrict-prototypes: YES 
Compiler for C supports arguments -Wimplicit-fallthrough=2: YES 
Compiler for C supports arguments -Wendif-labels: YES 
Compiler for C supports arguments -Wstrict-aliasing=2: YES 
Compiler for C supports arguments -Woverflow: YES 
Compiler for C supports arguments -Wmissing-prototypes: YES 
Compiler for C supports arguments -Walloca: YES 
Compiler for C supports arguments -Wno-missing-braces: YES 
Compiler for C supports arguments -Wno-missing-field-initializers: YES 
Compiler for C supports arguments -Wno-unused-parameter: YES 
Compiler for C supports arguments -fmacro-prefix-map=/prefix/to/hide=: YES 
Found pkg-config: /usr/bin/pkg-config (1.9.3)
Run-time dependency wayland-server found: YES 1.21.0
Run-time dependency libdrm found: YES 2.4.113
Run-time dependency gbm found: YES 22.2.0
Run-time dependency xkbcommon found: YES 1.4.1
Run-time dependency libudev found: YES 243
Run-time dependency pixman-1 found: YES 0.40.0
Library m found: YES
Library rt found: YES
Run-time dependency wayland-protocols found: YES 1.26
Found pkg-config: /usr/bin/pkg-config (1.9.3)
Build-time dependency wayland-scanner found: YES 1.21.0
Program /usr/bin/wayland-scanner found: YES (/usr/bin/wayland-scanner)
Run-time dependency egl found: YES 1.5
Run-time dependency glesv2 found: YES 3.2
Run-time dependency vulkan found: YES 1.3.216
Check usable header "vulkan/vulkan.h" with dependency vulkan: YES 
Program glslangValidator found: YES (/usr/bin/glslangValidator)
Dependency pixman-1 found: YES 0.40.0 (cached)
Checking for function "gbm_bo_get_fd_for_plane" with dependency gbm: YES 
Run-time dependency libinput found: YES 1.21.0
Run-time dependency xcb found: YES 1.15
Run-time dependency xcb-dri3 found: YES 1.15
Run-time dependency xcb-present found: YES 1.15
Run-time dependency xcb-render found: YES 1.15
Run-time dependency xcb-renderutil found: YES 0.3.9
Run-time dependency xcb-shm found: YES 1.15
Run-time dependency xcb-xfixes found: YES 1.15
Run-time dependency xcb-xinput found: YES 1.15
Run-time dependency wayland-client found: YES 1.21.0
Run-time dependency libseat found: YES 0.7.0
Found CMake: /usr/bin/cmake (3.24.2)
Run-time dependency xwayland found: NO (tried pkgconfig and cmake)
Program Xwayland found: NO
Configuring config.h using configuration
Configuring version.h using configuration
Run-time dependency threads found: YES
Run-time dependency wayland-egl found: YES 18.1.0
Run-time dependency wayland-cursor found: YES 1.21.0
Dependency wayland-client found: YES 1.21.0 (cached)
Run-time dependency libpng found: YES 1.6.38
Dependency egl found: YES 1.5 (cached)
Dependency glesv2 found: YES 3.2 (cached)
Run-time dependency libavutil found: YES 57.28.100
Run-time dependency libavcodec found: YES 59.37.100
Run-time dependency libavformat found: YES 59.27.100
Dependency libdrm found: YES 2.4.113 (cached)
Has header "libavutil/hwcontext_drm.h" with dependency libavutil: YES 
Build targets in project: 135

wlroots 0.15.1

    drm-backend     : YES
    x11-backend     : YES
    libinput-backend: YES
    xwayland        : NO
    gles2-renderer  : YES
    vulkan-renderer : YES
    xcb-errors      : NO

  User defined options
    buildtype       : plain
    prefix          : /usr
    wrap_mode       : nodownload
    b_lto           : true
    b_pie           : true
    backends        : drm,x11,libinput
    xwayland        : disabled

Found ninja-1.11.1 at /usr/bin/ninja
+ meson compile -C build
ninja: Entering directory `/home/pkgmk/work/wlroots/src/build'
[336/369] Compiling C object examples/dmabuf-capture.p/dmabuf-capture.c.o
FAILED: examples/dmabuf-capture.p/dmabuf-capture.c.o 
ccache cc -Iexamples/dmabuf-capture.p -Iexamples -I../wlroots-0.15.1/examples -Iprotocol -I/usr/include/libdrm -flto=auto -fdiagnostics-color=always -D_FILE_OFFSET_BITS=64 -Wall -Winvalid-p
ch -Wextra -Werror -std=c11 -O0 -DWLR_USE_UNSTABLE -DWLR_LITTLE_ENDIAN=1 -DWLR_BIG_ENDIAN=0 -Wundef -Wlogical-op -Wmissing-include-dirs -Wold-style-definition -Wpointer-arith -Winit-self -W
strict-prototypes -Wimplicit-fallthrough=2 -Wendif-labels -Wstrict-aliasing=2 -Woverflow -Wmissing-prototypes -Walloca -Wno-missing-braces -Wno-missing-field-initializers -Wno-unused-parame
ter -fmacro-prefix-map=../wlroots-0.15.1/= -DHAS_GBM_BO_GET_FD_FOR_PLANE=1 -DLIBINPUT_HAS_HOLD_GESTURES=1 '-DICONDIR="/usr/share/icons"' -DHAS_XCB_ERRORS=0 -O2 -march=x86-64 -pipe -fPIE -pt
hread -MD -MQ examples/dmabuf-capture.p/dmabuf-capture.c.o -MF examples/dmabuf-capture.p/dmabuf-capture.c.o.d -o examples/dmabuf-capture.p/dmabuf-capture.c.o -c ../wlroots-0.15.1/examples/d
mabuf-capture.c
../wlroots-0.15.1/examples/dmabuf-capture.c:60:9: error: unknown type name 'AVCodecContext'
   60 |         AVCodecContext *avctx;
      |         ^~~~~~~~~~~~~~
../wlroots-0.15.1/examples/dmabuf-capture.c: In function 'frame_ready':
../wlroots-0.15.1/examples/dmabuf-capture.c:389:35: error: request for member 'time_base' in something not a structure or union
  389 |                         ctx->avctx->time_base);
      |                                   ^~
../wlroots-0.15.1/examples/dmabuf-capture.c: In function 'vid_encode_thread':
../wlroots-0.15.1/examples/dmabuf-capture.c:483:23: error: implicit declaration of function 'avcodec_send_frame'; did you mean 'avcodec_get_name'? [-Werror=implicit-function-declaration]
  483 |                 err = avcodec_send_frame(ctx->avctx, f);
      |                       ^~~~~~~~~~~~~~~~~~
      |                       avcodec_get_name
../wlroots-0.15.1/examples/dmabuf-capture.c:494:35: error: implicit declaration of function 'avcodec_receive_packet' [-Werror=implicit-function-declaration]
  494 |                         int ret = avcodec_receive_packet(ctx->avctx, pkt);
      |                                   ^~~~~~~~~~~~~~~~~~~~~~
../wlroots-0.15.1/examples/dmabuf-capture.c:523:43: error: request for member 'frame_number' in something not a structure or union
  523 |                                 ctx->avctx->frame_number, get_fifo_size(&ctx->vid_frames));
      |                                           ^~
../wlroots-0.15.1/examples/dmabuf-capture.c: In function 'set_hwframe_ctx':
../wlroots-0.15.1/examples/dmabuf-capture.c:579:43: error: request for member 'pix_fmt' in something not a structure or union
  579 |         frames_ctx->sw_format = ctx->avctx->pix_fmt;
      |                                           ^~
../wlroots-0.15.1/examples/dmabuf-capture.c:580:39: error: request for member 'width' in something not a structure or union
  580 |         frames_ctx->width = ctx->avctx->width;
      |                                       ^~
../wlroots-0.15.1/examples/dmabuf-capture.c:581:40: error: request for member 'height' in something not a structure or union
  581 |         frames_ctx->height = ctx->avctx->height;
      |                                        ^~
../wlroots-0.15.1/examples/dmabuf-capture.c:593:27: error: request for member 'pix_fmt' in something not a structure or union
  593 |                 ctx->avctx->pix_fmt = frames_ctx->format;
      |                           ^~
../wlroots-0.15.1/examples/dmabuf-capture.c:594:27: error: request for member 'hw_frames_ctx' in something not a structure or union
  594 |                 ctx->avctx->hw_frames_ctx = av_buffer_ref(ctx->mapped_frames_ref);
      |                           ^~
../wlroots-0.15.1/examples/dmabuf-capture.c:595:32: error: request for member 'hw_frames_ctx' in something not a structure or union
  595 |                 if (!ctx->avctx->hw_frames_ctx) {
      |                                ^~
../wlroots-0.15.1/examples/dmabuf-capture.c: In function 'init_encoding':
../wlroots-0.15.1/examples/dmabuf-capture.c:622:30: error: initialization discards 'const' qualifier from pointer target type [-Werror=discarded-qualifiers]
  622 |         AVCodec *out_codec = avcodec_find_encoder_by_name(ctx->encoder_name);
      |                              ^~~~~~~~~~~~~~~~~~~~~~~~~~~~
../wlroots-0.15.1/examples/dmabuf-capture.c:627:40: error: assignment of member 'video_codec' in read-only object
  627 |         ctx->avf->oformat->video_codec = out_codec->id;
      |                                        ^
../wlroots-0.15.1/examples/dmabuf-capture.c:630:22: error: implicit declaration of function 'avcodec_alloc_context3'; did you mean 'avio_alloc_context'? [-Werror=implicit-function-declarati
on]
  630 |         ctx->avctx = avcodec_alloc_context3(out_codec);
      |                      ^~~~~~~~~~~~~~~~~~~~~~
      |                      avio_alloc_context
../wlroots-0.15.1/examples/dmabuf-capture.c:630:20: error: assignment to 'int *' from 'int' makes pointer from integer without a cast [-Werror=int-conversion]
  630 |         ctx->avctx = avcodec_alloc_context3(out_codec);
      |                    ^
../wlroots-0.15.1/examples/dmabuf-capture.c:634:19: error: request for member 'opaque' in something not a structure or union
  634 |         ctx->avctx->opaque = ctx;
      |                   ^~
../wlroots-0.15.1/examples/dmabuf-capture.c:635:19: error: request for member 'bit_rate' in something not a structure or union
  635 |         ctx->avctx->bit_rate = (int)ctx->out_bitrate*1000000.0f;
      |                   ^~
../wlroots-0.15.1/examples/dmabuf-capture.c:636:19: error: request for member 'pix_fmt' in something not a structure or union
  636 |         ctx->avctx->pix_fmt = ctx->software_format;
      |                   ^~
../wlroots-0.15.1/examples/dmabuf-capture.c:637:19: error: request for member 'time_base' in something not a structure or union
  637 |         ctx->avctx->time_base = (AVRational){ 1, 1000 };
      |                   ^~
../wlroots-0.15.1/examples/dmabuf-capture.c:638:19: error: request for member 'compression_level' in something not a structure or union
  638 |         ctx->avctx->compression_level = 7;
      |                   ^~
../wlroots-0.15.1/examples/dmabuf-capture.c:639:19: error: request for member 'width' in something not a structure or union
  639 |         ctx->avctx->width = find_output(ctx, ctx->target_output, 0)->width;
      |                   ^~
../wlroots-0.15.1/examples/dmabuf-capture.c:640:19: error: request for member 'height' in something not a structure or union
  640 |         ctx->avctx->height = find_output(ctx, ctx->target_output, 0)->height;
      |                   ^~
../wlroots-0.15.1/examples/dmabuf-capture.c:643:27: error: request for member 'flags' in something not a structure or union
  643 |                 ctx->avctx->flags |= AV_CODEC_FLAG_GLOBAL_HEADER;
      |                           ^~
../wlroots-0.15.1/examples/dmabuf-capture.c:643:38: error: 'AV_CODEC_FLAG_GLOBAL_HEADER' undeclared (first use in this function)
  643 |                 ctx->avctx->flags |= AV_CODEC_FLAG_GLOBAL_HEADER;
      |                                      ^~~~~~~~~~~~~~~~~~~~~~~~~~~
../wlroots-0.15.1/examples/dmabuf-capture.c:643:38: note: each undeclared identifier is reported only once for each function it appears in
../wlroots-0.15.1/examples/dmabuf-capture.c:647:35: error: request for member 'time_base' in something not a structure or union
  647 |         st->time_base = ctx->avctx->time_base;
      |                                   ^~
../wlroots-0.15.1/examples/dmabuf-capture.c:656:15: error: implicit declaration of function 'avcodec_open2'; did you mean 'avio_open2'? [-Werror=implicit-function-declaration]
  656 |         err = avcodec_open2(ctx->avctx, out_codec, &ctx->encoder_opts);
      |               ^~~~~~~~~~~~~
      |               avio_open2
../wlroots-0.15.1/examples/dmabuf-capture.c:663:13: error: implicit declaration of function 'avcodec_parameters_from_context'; did you mean 'avcodec_parameters_free'? [-Werror=implicit-func
tion-declaration]
  663 |         if (avcodec_parameters_from_context(st->codecpar, ctx->avctx) < 0) {
      |             ^~~~~~~~~~~~~~~~~~~~~~~~~~~~~~~
      |             avcodec_parameters_free
../wlroots-0.15.1/examples/dmabuf-capture.c: In function 'uninit':
../wlroots-0.15.1/examples/dmabuf-capture.c:897:9: error: implicit declaration of function 'avcodec_close'; did you mean 'avio_close'? [-Werror=implicit-function-declaration]
  897 |         avcodec_close(ctx->avctx);
      |         ^~~~~~~~~~~~~
      |         avio_close
cc1: all warnings being treated as errors
[341/369] Linking target libwlroots.so.10
ninja: build stopped: subcommand failed.
=======> ERROR: Building '/home/pkgmk/packages/wlroots#0.15.1-1.pkg.tar.gz' failed.
prt-get: error while install

-- Packages where install failed
wlroots

$ 
